<?xml version="1.0" encoding="UTF-8"?>
<!-- Generated by org.testng.reporters.JUnitReportReporter -->
<testsuite hostname="Nilmie" failures="0" tests="1" name="Selenium.Class1" time="13.023" errors="0" timestamp="07 Oct 2018 11:10:44 GMT" skipped="0">
  <testcase classname="Selenium.Class1" name="testSearch" time="13.023"/>
</testsuite> <!-- Selenium.Class1 -->
